<?xml version="1.0" encoding="UTF-8"?>
<!-- Generated by org.testng.reporters.JUnitXMLReporter -->
<testsuite hostname="LAPTOP-HDEOT712" name="Test" tests="2" failures="1" timestamp="13 Dec 2021 07:50:13 GMT" time="60.193" errors="0">
  <testcase name="logIn" time="5.379" classname="Tests.TestCasesExecution">
    <failure type="java.lang.AssertionError" message="expected [My account - My Store] but found [Login - My Store]">
      <![CDATA[java.lang.AssertionError: expected [My account - My Store] but found [Login - My Store]
	at Pages.HomePage.ValidateHomePageTitle(HomePage.java:39)
	at Tests.TestCasesExecution.logIn(TestCasesExecution.java:49)
... Removed 31 stack frames]]>
    </failure>
  </testcase> <!-- logIn -->
  <testcase name="orderCreation" time="24.542" classname="Tests.TestCasesExecution"/>
</testsuite> <!-- Test -->
