<?xml version="1.0" encoding="UTF-8"?>
<testng-results skipped="0" failed="0" ignored="0" total="1" passed="1">
  <reporter-output>
  </reporter-output>
  <suite name="Tests.TestCasesExecution" duration-ms="157282" started-at="2021-12-12T13:55:32Z" finished-at="2021-12-12T13:58:09Z">
    <groups>
    </groups>
    <test name="Command line test" duration-ms="157282" started-at="2021-12-12T13:55:32Z" finished-at="2021-12-12T13:58:09Z">
      <class name="Tests.TestCasesExecution">
        <test-method status="PASS" signature="Login()[pri:0, instance:Tests.TestCasesExecution@380fb434]" name="Login" is-config="true" duration-ms="156424" started-at="2021-12-12T13:55:32Z" finished-at="2021-12-12T13:58:09Z">
          <reporter-output>
          </reporter-output>
        </test-method> <!-- Login -->
        <test-method status="PASS" signature="clickRadioButton()[pri:0, instance:Tests.TestCasesExecution@380fb434]" name="clickRadioButton" duration-ms="47" started-at="2021-12-12T13:58:09Z" finished-at="2021-12-12T13:58:09Z">
          <reporter-output>
          </reporter-output>
        </test-method> <!-- clickRadioButton -->
        <test-method status="PASS" signature="quit()[pri:0, instance:Tests.TestCasesExecution@380fb434]" name="quit" is-config="true" duration-ms="740" started-at="2021-12-12T13:58:09Z" finished-at="2021-12-12T13:58:09Z">
          <reporter-output>
          </reporter-output>
        </test-method> <!-- quit -->
      </class> <!-- Tests.TestCasesExecution -->
    </test> <!-- Command line test -->
  </suite> <!-- Tests.TestCasesExecution -->
</testng-results>
